
ROM used: 465 (6%)
          465 (6%) including unused fragments

          1 Average locations per line
          3 Average locations per statement

RAM used: 25 (7%) at main() level
          26 (7%) worst case

Stack used: 2 worst case (out of 8 total available)

Lines Stmts  %   Files
----- ----- ---  -----
  246   141 100  Juana.c
  326     0   0  C:\Archivos de programa\PICC\devices\16F877A.h
----- -----
  572   141 Total

Page ROM  %  RAM   Vol Diff  Functions:
---- --- --- ---   --- ----  ----------
0     20   4   1             @delay_ms1
 Inline        1             @I2C_WRITE_1
0     63  14   0   277  3.7  SSP_isr
0    294  63   4  3979  6.9  MAIN
0     39   8   1   765  3.9  Actualizar

Program metrics:
    Functions               3
    Statements              141
    Comments                117
    Volume (V)              5765
    Difficilty (D)          14.6
    Effort to implement (E) 84192
    Time to implement (T)   1 hours, 18 minutes
    Est Delivered Bugs (B)  1
    Cyclomatic Complexity   29
    Maintainability (MI)    55

 Segment     Used  Free
-----------  ----  ----
00000-00003     4  0  
00004-00030    45  0  
00031-007FF   416  1583  
00800-00FFF     0  2048  
01000-017FF     0  2048  
01800-01FFF     0  2048  



